2024-09-12 17:01:21,264 INFO [main] c.n.c.CommunityApplicationTests [StartupInfoLogger.java:50] Starting CommunityApplicationTests using Java 19.0.1 with PID 6804 (started by Win11 in C:\Users\Win11\Desktop\community\community)
2024-09-12 17:01:21,268 INFO [main] c.n.c.CommunityApplicationTests [SpringApplication.java:654] No active profile set, falling back to 1 default profile: "default"
2024-09-12 17:01:22,528 INFO [main] o.s.b.a.l.ConditionEvaluationReportLogger [ConditionEvaluationReportLogger.java:82] 

Error starting ApplicationContext. To display the condition evaluation report re-run your application with 'debug' enabled.
2024-09-12 17:01:44,709 INFO [main] c.n.c.MapperTests [StartupInfoLogger.java:50] Starting MapperTests using Java 19.0.1 with PID 12540 (started by Win11 in C:\Users\Win11\Desktop\community\community)
2024-09-12 17:01:44,713 INFO [main] c.n.c.MapperTests [SpringApplication.java:654] No active profile set, falling back to 1 default profile: "default"
2024-09-12 17:01:45,764 INFO [main] o.s.b.a.l.ConditionEvaluationReportLogger [ConditionEvaluationReportLogger.java:82] 

Error starting ApplicationContext. To display the condition evaluation report re-run your application with 'debug' enabled.
2024-09-12 23:54:17,720 INFO [restartedMain] c.n.c.CommunityApplication [StartupInfoLogger.java:50] Starting CommunityApplication on WIT-221103QK with PID 24612 (started by Win11 in C:\Users\Win11\Desktop\所有素材和源码\第一章素材和源码\源码\community-1.7)
2024-09-12 23:54:17,723 INFO [restartedMain] c.n.c.CommunityApplication [SpringApplication.java:675] No active profile set, falling back to default profiles: default
2024-09-12 23:54:17,770 INFO [restartedMain] o.s.b.d.e.DevToolsPropertyDefaultsPostProcessor [DeferredLog.java:227] Devtools property defaults active! Set 'spring.devtools.add-properties' to 'false' to disable
2024-09-12 23:54:17,771 INFO [restartedMain] o.s.b.d.e.DevToolsPropertyDefaultsPostProcessor [DeferredLog.java:227] For additional web related logging consider setting the 'logging.level.web' property to 'DEBUG'
2024-09-12 23:54:19,138 INFO [restartedMain] o.s.b.w.e.t.TomcatWebServer [TomcatWebServer.java:90] Tomcat initialized with port(s): 8080 (http)
2024-09-12 23:54:19,161 INFO [restartedMain] o.a.c.h.Http11NioProtocol [DirectJDKLog.java:173] Initializing ProtocolHandler ["http-nio-8080"]
2024-09-12 23:54:19,170 INFO [restartedMain] o.a.c.c.StandardService [DirectJDKLog.java:173] Starting service [Tomcat]
2024-09-12 23:54:19,171 INFO [restartedMain] o.a.c.c.StandardEngine [DirectJDKLog.java:173] Starting Servlet engine: [Apache Tomcat/9.0.19]
2024-09-12 23:54:19,276 INFO [restartedMain] o.a.c.c.C.[.[.[/community] [DirectJDKLog.java:173] Initializing Spring embedded WebApplicationContext
2024-09-12 23:54:19,276 INFO [restartedMain] o.s.w.c.ContextLoader [ServletWebServerApplicationContext.java:296] Root WebApplicationContext: initialization completed in 1505 ms
2024-09-12 23:54:19,853 INFO [restartedMain] o.s.s.c.ThreadPoolTaskExecutor [ExecutorConfigurationSupport.java:171] Initializing ExecutorService 'applicationTaskExecutor'
2024-09-12 23:54:19,985 INFO [restartedMain] o.s.b.a.w.s.WelcomePageHandlerMapping [WelcomePageHandlerMapping.java:61] Adding welcome page template: index
2024-09-12 23:54:20,128 INFO [restartedMain] o.s.b.d.a.OptionalLiveReloadServer [OptionalLiveReloadServer.java:57] LiveReload server is running on port 35729
2024-09-12 23:54:20,156 INFO [restartedMain] o.a.c.h.Http11NioProtocol [DirectJDKLog.java:173] Starting ProtocolHandler ["http-nio-8080"]
2024-09-12 23:54:20,206 INFO [restartedMain] o.s.b.w.e.t.TomcatWebServer [TomcatWebServer.java:204] Tomcat started on port(s): 8080 (http) with context path '/community'
2024-09-12 23:54:20,208 INFO [restartedMain] c.n.c.CommunityApplication [StartupInfoLogger.java:59] Started CommunityApplication in 2.976 seconds (JVM running for 4.448)
2024-09-12 23:54:30,982 INFO [http-nio-8080-exec-1] o.a.c.c.C.[.[.[/community] [DirectJDKLog.java:173] Initializing Spring DispatcherServlet 'dispatcherServlet'
2024-09-12 23:54:30,984 INFO [http-nio-8080-exec-1] o.s.w.s.DispatcherServlet [FrameworkServlet.java:524] Initializing Servlet 'dispatcherServlet'
2024-09-12 23:54:30,993 INFO [http-nio-8080-exec-1] o.s.w.s.DispatcherServlet [FrameworkServlet.java:546] Completed initialization in 9 ms
2024-09-12 23:54:43,093 INFO [Thread-8] o.s.s.c.ThreadPoolTaskExecutor [ExecutorConfigurationSupport.java:208] Shutting down ExecutorService 'applicationTaskExecutor'
2024-09-12 23:54:57,918 INFO [main] c.n.c.MapperTests [StartupInfoLogger.java:50] Starting MapperTests on WIT-221103QK with PID 5272 (started by Win11 in C:\Users\Win11\Desktop\所有素材和源码\第一章素材和源码\源码\community-1.7\community)
2024-09-12 23:54:57,921 INFO [main] c.n.c.MapperTests [SpringApplication.java:675] No active profile set, falling back to default profiles: default
2024-09-12 23:55:00,624 INFO [main] o.s.s.c.ThreadPoolTaskExecutor [ExecutorConfigurationSupport.java:171] Initializing ExecutorService 'applicationTaskExecutor'
2024-09-12 23:55:00,932 INFO [main] o.s.b.a.w.s.WelcomePageHandlerMapping [WelcomePageHandlerMapping.java:61] Adding welcome page template: index
2024-09-12 23:55:01,204 INFO [main] c.n.c.MapperTests [StartupInfoLogger.java:59] Started MapperTests in 3.944 seconds (JVM running for 4.952)
2024-09-12 23:55:01,676 INFO [main] c.z.h.HikariDataSource [HikariDataSource.java:110] HikariPool-1 - Starting...
2024-09-12 23:55:01,953 INFO [main] c.z.h.HikariDataSource [HikariDataSource.java:123] HikariPool-1 - Start completed.
2024-09-12 23:55:02,116 INFO [Thread-2] o.s.s.c.ThreadPoolTaskExecutor [ExecutorConfigurationSupport.java:208] Shutting down ExecutorService 'applicationTaskExecutor'
2024-09-12 23:55:02,117 INFO [Thread-2] c.z.h.HikariDataSource [HikariDataSource.java:350] HikariPool-1 - Shutdown initiated...
2024-09-12 23:55:02,132 INFO [Thread-2] c.z.h.HikariDataSource [HikariDataSource.java:352] HikariPool-1 - Shutdown completed.
